{"level":"debug","datetime":"2026-04-06T04:29:33.445Z","message":"HSM raw data","data":[{"stat":"Ok","type":"cn","msg":"successful","stCode":200}],"functionName":"conversion"}
{"level":"debug","datetime":"2026-04-06T04:29:33.709Z","message":"HSM raw data","data":[{"stat":"Ok","type":"sub","msg":"successful","stCode":200}],"functionName":"conversion"}
{"level":"debug","datetime":"2026-04-06T04:29:33.710Z","message":"HSM raw data","data":[{"stat":"Ok","type":"cp","msg":"successful","stCode":200}],"functionName":"conversion"}
{"level":"debug","datetime":"2026-04-06T04:29:33.710Z","message":"HSM raw data","data":[{"stat":"Ok","type":"cr","msg":"successful","stCode":200}],"functionName":"conversion"}
{"level":"debug","datetime":"2026-04-06T04:29:34.058Z","message":"HSM raw data","data":[{"iv":22569.2,"ic":22713.1,"tvalue":1775449773,"highPrice":22798.25,"lowPrice":22566.65,"openingPrice":22780.3,"cng":-143.9,"nc":-0.63,"ts":"Nifty 50","name":"if","tk":"Nifty 50","e":"nse_cm"}],"functionName":"conversion"}
{"level":"debug","datetime":"2026-04-06T04:29:34.405Z","message":"HSM raw data","data":[{"iv":22570,"cng":-143.1,"nc":-0.63,"name":"if","tk":"Nifty 50","e":"nse_cm"}],"functionName":"conversion"}
{"level":"debug","datetime":"2026-04-06T04:29:35.251Z","message":"HSM raw data","data":[{"tvalue":1775449774,"name":"if","tk":"Nifty 50","e":"nse_cm"}],"functionName":"conversion"}
{"level":"debug","datetime":"2026-04-06T04:29:36.287Z","message":"HSM raw data","data":[{"iv":22570.7,"tvalue":1775449775,"cng":-142.4,"nc":-0.63,"name":"if","tk":"Nifty 50","e":"nse_cm"}],"functionName":"conversion"}
{"level":"debug","datetime":"2026-04-06T04:29:37.017Z","message":"HSM raw data","data":[{"iv":22570.35,"tvalue":1775449776,"cng":-142.75,"nc":-0.63,"name":"if","tk":"Nifty 50","e":"nse_cm"}],"functionName":"conversion"}
{"level":"debug","datetime":"2026-04-06T04:29:37.776Z","message":"HSM raw data","data":[{"iv":22570.55,"cng":-142.55,"nc":-0.63,"name":"if","tk":"Nifty 50","e":"nse_cm"}],"functionName":"conversion"}
{"level":"debug","datetime":"2026-04-06T04:29:38.183Z","message":"HSM raw data","data":[{"iv":22569.9,"tvalue":1775449777,"cng":-143.2,"nc":-0.63,"name":"if","tk":"Nifty 50","e":"nse_cm"}],"functionName":"conversion"}
{"level":"debug","datetime":"2026-04-06T04:29:38.524Z","message":"HSM raw data","data":[{"iv":22570.3,"cng":-142.8,"nc":-0.63,"name":"if","tk":"Nifty 50","e":"nse_cm"}],"functionName":"conversion"}
{"level":"debug","datetime":"2026-04-06T04:29:38.920Z","message":"HSM raw data","data":[{"iv":22570.55,"tvalue":1775449778,"cng":-142.55,"nc":-0.63,"name":"if","tk":"Nifty 50","e":"nse_cm"}],"functionName":"conversion"}
{"level":"debug","datetime":"2026-04-06T04:29:39.670Z","message":"HSM raw data","data":[{"iv":22570.75,"cng":-142.35,"nc":-0.63,"name":"if","tk":"Nifty 50","e":"nse_cm"}],"functionName":"conversion"}
{"level":"debug","datetime":"2026-04-06T04:29:40.011Z","message":"HSM raw data","data":[{"iv":22570.7,"tvalue":1775449779,"cng":-142.4,"nc":-0.63,"name":"if","tk":"Nifty 50","e":"nse_cm"}],"functionName":"conversion"}
{"level":"debug","datetime":"2026-04-06T04:29:40.459Z","message":"HSM raw data","data":[{"iv":22569.05,"cng":-144.05,"nc":-0.63,"name":"if","tk":"Nifty 50","e":"nse_cm"}],"functionName":"conversion"}
{"level":"debug","datetime":"2026-04-06T04:29:41.387Z","message":"HSM raw data","data":[{"iv":22571.15,"tvalue":1775449780,"cng":-141.95,"nc":-0.62,"name":"if","tk":"Nifty 50","e":"nse_cm"}],"functionName":"conversion"}
{"level":"debug","datetime":"2026-04-06T04:29:42.114Z","message":"HSM raw data","data":[{"iv":22570.45,"tvalue":1775449781,"cng":-142.65,"nc":-0.63,"name":"if","tk":"Nifty 50","e":"nse_cm"}],"functionName":"conversion"}
{"level":"debug","datetime":"2026-04-06T04:29:42.491Z","message":"HSM raw data","data":[{"iv":22571.9,"cng":-141.2,"nc":-0.62,"name":"if","tk":"Nifty 50","e":"nse_cm"}],"functionName":"conversion"}
{"level":"debug","datetime":"2026-04-06T04:29:42.827Z","message":"HSM raw data","data":[{"iv":22570.85,"tvalue":1775449782,"cng":-142.25,"nc":-0.63,"name":"if","tk":"Nifty 50","e":"nse_cm"}],"functionName":"conversion"}
{"level":"debug","datetime":"2026-04-06T04:29:43.538Z","message":"HSM raw data","data":[{"iv":22571,"cng":-142.1,"nc":-0.63,"name":"if","tk":"Nifty 50","e":"nse_cm"}],"functionName":"conversion"}
{"level":"debug","datetime":"2026-04-06T04:29:44.152Z","message":"HSM raw data","data":[{"iv":22570.7,"tvalue":1775449783,"cng":-142.4,"nc":-0.63,"name":"if","tk":"Nifty 50","e":"nse_cm"}],"functionName":"conversion"}
{"level":"debug","datetime":"2026-04-06T04:29:44.491Z","message":"HSM raw data","data":[{"iv":22569.6,"cng":-143.5,"nc":-0.63,"name":"if","tk":"Nifty 50","e":"nse_cm"}],"functionName":"conversion"}
{"level":"debug","datetime":"2026-04-06T04:29:44.745Z","message":"HSM raw data","data":[{"iv":22570.8,"tvalue":1775449784,"cng":-142.3,"nc":-0.63,"name":"if","tk":"Nifty 50","e":"nse_cm"}],"functionName":"conversion"}
{"level":"debug","datetime":"2026-04-06T04:29:45.678Z","message":"HSM raw data","data":[{"iv":22570.2,"cng":-142.9,"nc":-0.63,"name":"if","tk":"Nifty 50","e":"nse_cm"}],"functionName":"conversion"}
{"level":"debug","datetime":"2026-04-06T04:29:46.315Z","message":"HSM raw data","data":[{"iv":22570.7,"tvalue":1775449785,"cng":-142.4,"nc":-0.63,"name":"if","tk":"Nifty 50","e":"nse_cm"}],"functionName":"conversion"}
{"level":"debug","datetime":"2026-04-06T04:29:46.711Z","message":"HSM raw data","data":[{"iv":22569.95,"cng":-143.15,"nc":-0.63,"name":"if","tk":"Nifty 50","e":"nse_cm"}],"functionName":"conversion"}
{"level":"debug","datetime":"2026-04-06T04:29:47.464Z","message":"HSM raw data","data":[{"iv":22570.45,"tvalue":1775449786,"cng":-142.65,"nc":-0.63,"name":"if","tk":"Nifty 50","e":"nse_cm"}],"functionName":"conversion"}
{"level":"debug","datetime":"2026-04-06T04:29:48.268Z","message":"HSM raw data","data":[{"iv":22571.1,"tvalue":1775449787,"cng":-142,"nc":-0.63,"name":"if","tk":"Nifty 50","e":"nse_cm"}],"functionName":"conversion"}
{"level":"debug","datetime":"2026-04-06T04:29:48.677Z","message":"HSM raw data","data":[{"iv":22570,"cng":-143.1,"nc":-0.63,"name":"if","tk":"Nifty 50","e":"nse_cm"}],"functionName":"conversion"}
{"level":"debug","datetime":"2026-04-06T04:29:49.053Z","message":"HSM raw data","data":[{"iv":22570.95,"tvalue":1775449788,"cng":-142.15,"nc":-0.63,"name":"if","tk":"Nifty 50","e":"nse_cm"}],"functionName":"conversion"}
{"level":"debug","datetime":"2026-04-06T04:29:49.786Z","message":"HSM raw data","data":[{"iv":22569.8,"cng":-143.3,"nc":-0.63,"name":"if","tk":"Nifty 50","e":"nse_cm"}],"functionName":"conversion"}
{"level":"debug","datetime":"2026-04-06T04:29:50.245Z","message":"HSM raw data","data":[{"iv":22568.8,"tvalue":1775449789,"cng":-144.3,"nc":-0.64,"name":"if","tk":"Nifty 50","e":"nse_cm"}],"functionName":"conversion"}
{"level":"debug","datetime":"2026-04-06T04:29:50.699Z","message":"HSM raw data","data":[{"iv":22569,"cng":-144.1,"nc":-0.63,"name":"if","tk":"Nifty 50","e":"nse_cm"}],"functionName":"conversion"}
{"level":"debug","datetime":"2026-04-06T04:29:51.106Z","message":"HSM raw data","data":[{"iv":22570.95,"tvalue":1775449790,"cng":-142.15,"nc":-0.63,"name":"if","tk":"Nifty 50","e":"nse_cm"}],"functionName":"conversion"}
{"level":"debug","datetime":"2026-04-06T04:29:51.674Z","message":"HSM raw data","data":[{"iv":22568.85,"cng":-144.25,"nc":-0.64,"name":"if","tk":"Nifty 50","e":"nse_cm"}],"functionName":"conversion"}
{"level":"debug","datetime":"2026-04-06T04:29:52.326Z","message":"HSM raw data","data":[{"iv":22569.45,"tvalue":1775449791,"cng":-143.65,"nc":-0.63,"name":"if","tk":"Nifty 50","e":"nse_cm"}],"functionName":"conversion"}
{"level":"debug","datetime":"2026-04-06T04:29:52.731Z","message":"HSM raw data","data":[{"iv":22570.25,"cng":-142.85,"nc":-0.63,"name":"if","tk":"Nifty 50","e":"nse_cm"}],"functionName":"conversion"}
{"level":"debug","datetime":"2026-04-06T04:29:53.240Z","message":"HSM raw data","data":[{"iv":22569.65,"tvalue":1775449792,"cng":-143.45,"nc":-0.63,"name":"if","tk":"Nifty 50","e":"nse_cm"}],"functionName":"conversion"}
{"level":"debug","datetime":"2026-04-06T04:29:54.337Z","message":"HSM raw data","data":[{"iv":22570.35,"tvalue":1775449793,"cng":-142.75,"nc":-0.63,"name":"if","tk":"Nifty 50","e":"nse_cm"}],"functionName":"conversion"}
{"level":"debug","datetime":"2026-04-06T04:29:54.734Z","message":"HSM raw data","data":[{"iv":22571,"cng":-142.1,"nc":-0.63,"name":"if","tk":"Nifty 50","e":"nse_cm"}],"functionName":"conversion"}
{"level":"debug","datetime":"2026-04-06T04:29:55.142Z","message":"HSM raw data","data":[{"iv":22571.55,"tvalue":1775449794,"cng":-141.55,"nc":-0.62,"name":"if","tk":"Nifty 50","e":"nse_cm"}],"functionName":"conversion"}
{"level":"debug","datetime":"2026-04-06T04:29:55.910Z","message":"HSM raw data","data":[{"iv":22570.25,"cng":-142.85,"nc":-0.63,"name":"if","tk":"Nifty 50","e":"nse_cm"}],"functionName":"conversion"}
{"level":"debug","datetime":"2026-04-06T04:29:56.262Z","message":"HSM raw data","data":[{"iv":22572.25,"tvalue":1775449795,"cng":-140.85,"nc":-0.62,"name":"if","tk":"Nifty 50","e":"nse_cm"}],"functionName":"conversion"}
